SEND CHANGE BAUDRATE COMMAND SUCCESS
SEND BEGIN COMMAND SUCCESS
SEND DATA COMMAND SUCCESS IN ID: 0
SEND DATA COMMAND SUCCESS IN ID: 1
SEND DATA COMMAND SUCCESS IN ID: 2
SEND DATA COMMAND SUCCESS IN ID: 3
SEND DATA COMMAND SUCCESS IN ID: 4
SEND DATA COMMAND SUCCESS IN ID: 5
SEND DATA COMMAND SUCCESS IN ID: 6
SEND DATA COMMAND SUCCESS IN ID: 7
SEND DATA COMMAND SUCCESS IN ID: 8
SEND DATA COMMAND SUCCESS IN ID: 9
SEND DATA COMMAND SUCCESS IN ID: 10
SEND DATA COMMAND SUCCESS IN ID: 11
SEND DATA COMMAND SUCCESS IN ID: 12
SEND DATA COMMAND SUCCESS IN ID: 13
SEND DATA COMMAND SUCCESS IN ID: 14
SEND DATA COMMAND SUCCESS IN ID: 15
SEND DATA COMMAND SUCCESS IN ID: 16
SEND DATA COMMAND SUCCESS IN ID: 17
SEND DATA COMMAND SUCCESS IN ID: 18
SEND DATA COMMAND SUCCESS IN ID: 19
SEND DATA COMMAND SUCCESS IN ID: 20
SEND DATA COMMAND SUCCESS IN ID: 21
SEND DATA COMMAND SUCCESS IN ID: 22
SEND DATA COMMAND SUCCESS IN ID: 23
SEND DATA COMMAND SUCCESS IN ID: 24
SEND DATA COMMAND SUCCESS IN ID: 25
SEND DATA COMMAND SUCCESS IN ID: 26
SEND DATA COMMAND SUCCESS IN ID: 27
SEND DATA COMMAND SUCCESS IN ID: 28
SEND DATA COMMAND SUCCESS IN ID: 29
SEND DATA COMMAND SUCCESS IN ID: 30
SEND DATA COMMAND SUCCESS IN ID: 31
SEND DATA COMMAND SUCCESS IN ID: 32
SEND DATA COMMAND SUCCESS IN ID: 33
SEND DATA COMMAND SUCCESS IN ID: 34
SEND DATA COMMAND SUCCESS IN ID: 35
SEND DATA COMMAND SUCCESS IN ID: 36
SEND DATA COMMAND SUCCESS IN ID: 37
SEND DATA COMMAND SUCCESS IN ID: 38
SEND DATA COMMAND SUCCESS IN ID: 39
SEND DATA COMMAND SUCCESS IN ID: 40
SEND DATA COMMAND SUCCESS IN ID: 41
SEND DATA COMMAND SUCCESS IN ID: 42
SEND DATA COMMAND SUCCESS IN ID: 43
SEND DATA COMMAND SUCCESS IN ID: 44
SEND DATA COMMAND SUCCESS IN ID: 45
SEND DATA COMMAND SUCCESS IN ID: 46
SEND DATA COMMAND SUCCESS IN ID: 47
SEND DATA COMMAND SUCCESS IN ID: 48
SEND DATA COMMAND SUCCESS IN ID: 49
SEND DATA COMMAND SUCCESS IN ID: 50
SEND DATA COMMAND SUCCESS IN ID: 51
SEND DATA COMMAND SUCCESS IN ID: 52
SEND DATA COMMAND SUCCESS IN ID: 53
SEND DATA COMMAND SUCCESS IN ID: 54
SEND DATA COMMAND SUCCESS IN ID: 55
SEND DATA COMMAND SUCCESS IN ID: 56
SEND DATA COMMAND SUCCESS IN ID: 57
SEND DATA COMMAND SUCCESS IN ID: 58
SEND DATA COMMAND SUCCESS IN ID: 59
SEND DATA COMMAND SUCCESS IN ID: 60
SEND DATA COMMAND SUCCESS IN ID: 61
SEND DATA COMMAND SUCCESS IN ID: 62
SEND DATA COMMAND SUCCESS IN ID: 63
SEND DATA COMMAND SUCCESS IN ID: 64
SEND DATA COMMAND SUCCESS IN ID: 65
SEND DATA COMMAND SUCCESS IN ID: 66
SEND DATA COMMAND SUCCESS IN ID: 67
SEND DATA COMMAND SUCCESS IN ID: 68
SEND DATA COMMAND SUCCESS IN ID: 69
SEND DATA COMMAND SUCCESS IN ID: 70
SEND DATA COMMAND SUCCESS IN ID: 71
SEND DATA COMMAND SUCCESS IN ID: 72
SEND DATA COMMAND SUCCESS IN ID: 73
SEND DATA COMMAND SUCCESS IN ID: 74
SEND DATA COMMAND SUCCESS IN ID: 75
SEND DATA COMMAND SUCCESS IN ID: 76
SEND DATA COMMAND SUCCESS IN ID: 77
SEND DATA COMMAND SUCCESS IN ID: 78
SEND DATA COMMAND SUCCESS IN ID: 79
SEND DATA COMMAND SUCCESS IN ID: 80
SEND DATA COMMAND SUCCESS IN ID: 81
SEND DATA COMMAND SUCCESS IN ID: 82
SEND DATA COMMAND SUCCESS IN ID: 83
SEND DATA COMMAND SUCCESS IN ID: 84
SEND DATA COMMAND SUCCESS IN ID: 85
SEND DATA COMMAND SUCCESS IN ID: 86
SEND DATA COMMAND SUCCESS IN ID: 87
SEND DATA COMMAND SUCCESS IN ID: 88
SEND DATA COMMAND SUCCESS IN ID: 89
SEND DATA COMMAND SUCCESS IN ID: 90
SEND DATA COMMAND SUCCESS IN ID: 91
SEND DATA COMMAND SUCCESS IN ID: 92
SEND DATA COMMAND SUCCESS IN ID: 93
SEND DATA COMMAND SUCCESS IN ID: 94
SEND DATA COMMAND SUCCESS IN ID: 95
SEND DATA COMMAND SUCCESS IN ID: 96
SEND DATA COMMAND SUCCESS IN ID: 97
SEND DATA COMMAND SUCCESS IN ID: 98
SEND DATA COMMAND SUCCESS IN ID: 99
SEND DATA COMMAND SUCCESS IN ID: 100
SEND DATA COMMAND SUCCESS IN ID: 101
SEND DATA COMMAND SUCCESS IN ID: 102
SEND DATA COMMAND SUCCESS IN ID: 103
SEND DATA COMMAND SUCCESS IN ID: 104
SEND DATA COMMAND SUCCESS IN ID: 105
SEND DATA COMMAND SUCCESS IN ID: 106
SEND DATA COMMAND SUCCESS IN ID: 107
SEND DATA COMMAND SUCCESS IN ID: 108
SEND DATA COMMAND SUCCESS IN ID: 109
SEND DATA COMMAND SUCCESS IN ID: 110
SEND DATA COMMAND SUCCESS IN ID: 111
SEND DATA COMMAND SUCCESS IN ID: 112
SEND DATA COMMAND SUCCESS IN ID: 113
SEND DATA COMMAND SUCCESS IN ID: 114
SEND DATA COMMAND SUCCESS IN ID: 115
SEND DATA COMMAND SUCCESS IN ID: 116
SEND DATA COMMAND SUCCESS IN ID: 117
SEND DATA COMMAND SUCCESS IN ID: 118
SEND DATA COMMAND SUCCESS IN ID: 119
SEND DATA COMMAND SUCCESS IN ID: 120
SEND DATA COMMAND SUCCESS IN ID: 121
SEND DATA COMMAND SUCCESS IN ID: 122
SEND DATA COMMAND SUCCESS IN ID: 123
SEND DATA COMMAND SUCCESS IN ID: 124
SEND DATA COMMAND SUCCESS IN ID: 125
SEND DATA COMMAND SUCCESS IN ID: 126
SEND DATA COMMAND SUCCESS IN ID: 127
SEND DATA COMMAND SUCCESS IN ID: 128
SEND DATA COMMAND SUCCESS IN ID: 129
SEND DATA COMMAND SUCCESS IN ID: 130
SEND DATA COMMAND SUCCESS IN ID: 131
SEND DATA COMMAND SUCCESS IN ID: 132
SEND DATA COMMAND SUCCESS IN ID: 133
SEND DATA COMMAND SUCCESS IN ID: 134
SEND DATA COMMAND SUCCESS IN ID: 135
SEND DATA COMMAND SUCCESS IN ID: 136
SEND DATA COMMAND SUCCESS IN ID: 137
SEND DATA COMMAND SUCCESS IN ID: 138
SEND DATA COMMAND SUCCESS IN ID: 139
SEND DATA COMMAND SUCCESS IN ID: 140
SEND DATA COMMAND SUCCESS IN ID: 141
SEND DATA COMMAND SUCCESS IN ID: 142
SEND DATA COMMAND SUCCESS IN ID: 143
SEND DATA COMMAND SUCCESS IN ID: 144
SEND DATA COMMAND SUCCESS IN ID: 145
SEND DATA COMMAND SUCCESS IN ID: 146
SEND DATA COMMAND SUCCESS IN ID: 147
SEND DATA COMMAND SUCCESS IN ID: 148
SEND DATA COMMAND SUCCESS IN ID: 149
SEND DATA COMMAND SUCCESS IN ID: 150
SEND DATA COMMAND SUCCESS IN ID: 151
SEND DATA COMMAND SUCCESS IN ID: 152
SEND DATA COMMAND SUCCESS IN ID: 153
SEND DATA COMMAND SUCCESS IN ID: 154
SEND DATA COMMAND SUCCESS IN ID: 155
SEND DATA COMMAND SUCCESS IN ID: 156
SEND DATA COMMAND SUCCESS IN ID: 157
SEND DATA COMMAND SUCCESS IN ID: 158
SEND DATA COMMAND SUCCESS IN ID: 159
SEND DATA COMMAND SUCCESS IN ID: 160
SEND DATA COMMAND SUCCESS IN ID: 161
SEND DATA COMMAND SUCCESS IN ID: 162
SEND DATA COMMAND SUCCESS IN ID: 163
SEND DATA COMMAND SUCCESS IN ID: 164
SEND DATA COMMAND SUCCESS IN ID: 165
SEND DATA COMMAND SUCCESS IN ID: 166
SEND DATA COMMAND SUCCESS IN ID: 167
SEND DATA COMMAND SUCCESS IN ID: 168
SEND DATA COMMAND SUCCESS IN ID: 169
SEND DATA COMMAND SUCCESS IN ID: 170
SEND DATA COMMAND SUCCESS IN ID: 171
SEND DATA COMMAND SUCCESS IN ID: 172
SEND DATA COMMAND SUCCESS IN ID: 173
SEND DATA COMMAND SUCCESS IN ID: 174
SEND DATA COMMAND SUCCESS IN ID: 175
SEND DATA COMMAND SUCCESS IN ID: 176
SEND DATA COMMAND SUCCESS IN ID: 177
SEND DATA COMMAND SUCCESS IN ID: 178
SEND DATA COMMAND SUCCESS IN ID: 179
SEND DATA COMMAND SUCCESS IN ID: 180
SEND DATA COMMAND SUCCESS IN ID: 181
SEND DATA COMMAND SUCCESS IN ID: 182
SEND DATA COMMAND SUCCESS IN ID: 183
SEND DATA COMMAND SUCCESS IN ID: 184
SEND DATA COMMAND SUCCESS IN ID: 185
SEND DATA COMMAND SUCCESS IN ID: 186
SEND DATA COMMAND SUCCESS IN ID: 187
SEND DATA COMMAND SUCCESS IN ID: 188
SEND DATA COMMAND SUCCESS IN ID: 189
SEND DATA COMMAND SUCCESS IN ID: 190
SEND DATA COMMAND SUCCESS IN ID: 191
SEND DATA COMMAND SUCCESS IN ID: 192
SEND DATA COMMAND SUCCESS IN ID: 193
SEND DATA COMMAND SUCCESS IN ID: 194
SEND DATA COMMAND SUCCESS IN ID: 195
SEND DATA COMMAND SUCCESS IN ID: 196
SEND DATA COMMAND SUCCESS IN ID: 197
SEND DATA COMMAND SUCCESS IN ID: 198
SEND DATA COMMAND SUCCESS IN ID: 199
SEND DATA COMMAND SUCCESS IN ID: 200
SEND DATA COMMAND SUCCESS IN ID: 201
SEND DATA COMMAND SUCCESS IN ID: 202
SEND DATA COMMAND SUCCESS IN ID: 203
SEND DATA COMMAND SUCCESS IN ID: 204
SEND DATA COMMAND SUCCESS IN ID: 205
SEND DATA COMMAND SUCCESS IN ID: 206
SEND DATA COMMAND SUCCESS IN ID: 207
SEND DATA COMMAND SUCCESS IN ID: 208
SEND DATA COMMAND SUCCESS IN ID: 209
SEND DATA COMMAND SUCCESS IN ID: 210
SEND DATA COMMAND SUCCESS IN ID: 211
SEND DATA COMMAND SUCCESS IN ID: 212
SEND DATA COMMAND SUCCESS IN ID: 213
SEND DATA COMMAND SUCCESS IN ID: 214
SEND DATA COMMAND SUCCESS IN ID: 215
SEND DATA COMMAND SUCCESS IN ID: 216
SEND DATA COMMAND SUCCESS IN ID: 217
SEND DATA COMMAND SUCCESS IN ID: 218
SEND DATA COMMAND SUCCESS IN ID: 219
SEND DATA COMMAND SUCCESS IN ID: 220
SEND DATA COMMAND SUCCESS IN ID: 221
SEND DATA COMMAND SUCCESS IN ID: 222
SEND DATA COMMAND SUCCESS IN ID: 223
SEND DATA COMMAND SUCCESS IN ID: 224
SEND DATA COMMAND SUCCESS IN ID: 225
SEND DATA COMMAND SUCCESS IN ID: 226
SEND DATA COMMAND SUCCESS IN ID: 227
SEND DATA COMMAND SUCCESS IN ID: 228
SEND DATA COMMAND SUCCESS IN ID: 229
SEND DATA COMMAND SUCCESS IN ID: 230
SEND DATA COMMAND SUCCESS IN ID: 231
SEND DATA COMMAND SUCCESS IN ID: 232
SEND DATA COMMAND SUCCESS IN ID: 233
SEND DATA COMMAND SUCCESS IN ID: 234
SEND DATA COMMAND SUCCESS IN ID: 235
SEND DATA COMMAND SUCCESS IN ID: 236
SEND DATA COMMAND SUCCESS IN ID: 237
SEND DATA COMMAND SUCCESS IN ID: 238
SEND DATA COMMAND SUCCESS IN ID: 239
SEND DATA COMMAND SUCCESS IN ID: 240
SEND DATA COMMAND SUCCESS IN ID: 241
SEND DATA COMMAND SUCCESS IN ID: 242
SEND DATA COMMAND SUCCESS IN ID: 243
SEND DATA COMMAND SUCCESS IN ID: 244
SEND DATA COMMAND SUCCESS IN ID: 245
SEND DATA COMMAND SUCCESS IN ID: 246
SEND DATA COMMAND SUCCESS IN ID: 247
SEND DATA COMMAND SUCCESS IN ID: 248
SEND DATA COMMAND SUCCESS IN ID: 249
SEND DATA COMMAND SUCCESS IN ID: 250
SEND DATA COMMAND SUCCESS IN ID: 251
SEND DATA COMMAND SUCCESS IN ID: 252
SEND DATA COMMAND SUCCESS IN ID: 253
SEND DATA COMMAND SUCCESS IN ID: 254
SEND DATA COMMAND SUCCESS IN ID: 255
SEND DATA COMMAND SUCCESS IN ID: 256
SEND DATA COMMAND SUCCESS IN ID: 257
SEND DATA COMMAND SUCCESS IN ID: 258
SEND DATA COMMAND SUCCESS IN ID: 259
SEND DATA COMMAND SUCCESS IN ID: 260
SEND DATA COMMAND SUCCESS IN ID: 261
SEND DATA COMMAND SUCCESS IN ID: 262
SEND DATA COMMAND SUCCESS IN ID: 263
SEND DATA COMMAND SUCCESS IN ID: 264
SEND DATA COMMAND SUCCESS IN ID: 265
SEND DATA COMMAND SUCCESS IN ID: 266
SEND DATA COMMAND SUCCESS IN ID: 267
SEND DATA COMMAND SUCCESS IN ID: 268
SEND DATA COMMAND SUCCESS IN ID: 269
SEND DATA COMMAND SUCCESS IN ID: 270
SEND DATA COMMAND SUCCESS IN ID: 271
SEND DATA COMMAND SUCCESS IN ID: 272
SEND DATA COMMAND SUCCESS IN ID: 273
SEND DATA COMMAND SUCCESS IN ID: 274
SEND DATA COMMAND SUCCESS IN ID: 275
SEND DATA COMMAND SUCCESS IN ID: 276
SEND DATA COMMAND SUCCESS IN ID: 277
SEND DATA COMMAND SUCCESS IN ID: 278
SEND DATA COMMAND SUCCESS IN ID: 279
SEND DATA COMMAND SUCCESS IN ID: 280
SEND DATA COMMAND SUCCESS IN ID: 281
SEND DATA COMMAND SUCCESS IN ID: 282
SEND DATA COMMAND SUCCESS IN ID: 283
SEND DATA COMMAND SUCCESS IN ID: 284
SEND DATA COMMAND SUCCESS IN ID: 285
SEND DATA COMMAND SUCCESS IN ID: 286
SEND DATA COMMAND SUCCESS IN ID: 287
SEND DATA COMMAND SUCCESS IN ID: 288
SEND DATA COMMAND SUCCESS IN ID: 289
SEND DATA COMMAND SUCCESS IN ID: 290
SEND DATA COMMAND SUCCESS IN ID: 291
SEND DATA COMMAND SUCCESS IN ID: 292
SEND DATA COMMAND SUCCESS IN ID: 293
SEND DATA COMMAND SUCCESS IN ID: 294
SEND DATA COMMAND SUCCESS IN ID: 295
SEND DATA COMMAND SUCCESS IN ID: 296
SEND DATA COMMAND SUCCESS IN ID: 297
SEND DATA COMMAND SUCCESS IN ID: 298
SEND DATA COMMAND SUCCESS IN ID: 299
SEND DATA COMMAND SUCCESS IN ID: 300
SEND DATA COMMAND SUCCESS IN ID: 301
SEND DATA COMMAND SUCCESS IN ID: 302
SEND DATA COMMAND SUCCESS IN ID: 303
SEND DATA COMMAND SUCCESS IN ID: 304
SEND DATA COMMAND SUCCESS IN ID: 305
SEND DATA COMMAND SUCCESS IN ID: 306
SEND DATA COMMAND SUCCESS IN ID: 307
SEND DATA COMMAND SUCCESS IN ID: 308
SEND DATA COMMAND SUCCESS IN ID: 309
SEND DATA COMMAND SUCCESS IN ID: 310
SEND DATA COMMAND SUCCESS IN ID: 311
SEND DATA COMMAND SUCCESS IN ID: 312
SEND DATA COMMAND SUCCESS IN ID: 313
SEND DATA COMMAND SUCCESS IN ID: 314
SEND DATA COMMAND SUCCESS IN ID: 315
SEND DATA COMMAND SUCCESS IN ID: 316
SEND DATA COMMAND SUCCESS IN ID: 317
SEND DATA COMMAND SUCCESS IN ID: 318
SEND DATA COMMAND SUCCESS IN ID: 319
SEND DATA COMMAND SUCCESS IN ID: 320
SEND DATA COMMAND SUCCESS IN ID: 321
SEND DATA COMMAND SUCCESS IN ID: 322
SEND DATA COMMAND SUCCESS IN ID: 323
SEND DATA COMMAND SUCCESS IN ID: 324
SEND DATA COMMAND SUCCESS IN ID: 325
SEND DATA COMMAND SUCCESS IN ID: 326
SEND DATA COMMAND SUCCESS IN ID: 327
SEND DATA COMMAND SUCCESS IN ID: 328
SEND DATA COMMAND SUCCESS IN ID: 329
SEND DATA COMMAND SUCCESS IN ID: 330
SEND DATA COMMAND SUCCESS IN ID: 331
SEND DATA COMMAND SUCCESS IN ID: 332
SEND DATA COMMAND SUCCESS IN ID: 333
SEND DATA COMMAND SUCCESS IN ID: 334
SEND DATA COMMAND SUCCESS IN ID: 335
SEND DATA COMMAND SUCCESS IN ID: 336
SEND DATA COMMAND SUCCESS IN ID: 337
SEND DATA COMMAND SUCCESS IN ID: 338
SEND DATA COMMAND SUCCESS IN ID: 339
SEND DATA COMMAND SUCCESS IN ID: 340
SEND DATA COMMAND SUCCESS IN ID: 341
SEND DATA COMMAND SUCCESS IN ID: 342
SEND DATA COMMAND SUCCESS IN ID: 343
SEND DATA COMMAND SUCCESS IN ID: 344
SEND DATA COMMAND SUCCESS IN ID: 345
SEND DATA COMMAND SUCCESS IN ID: 346
SEND DATA COMMAND SUCCESS IN ID: 347
SEND DATA COMMAND SUCCESS IN ID: 348
SEND DATA COMMAND SUCCESS IN ID: 349
SEND DATA COMMAND SUCCESS IN ID: 350
SEND DATA COMMAND SUCCESS IN ID: 351
SEND DATA COMMAND SUCCESS IN ID: 352
SEND DATA COMMAND SUCCESS IN ID: 353
SEND DATA COMMAND SUCCESS IN ID: 354
SEND DATA COMMAND SUCCESS IN ID: 355
SEND DATA COMMAND SUCCESS IN ID: 356
SEND DATA COMMAND SUCCESS IN ID: 357
SEND DATA COMMAND SUCCESS IN ID: 358
SEND DATA COMMAND SUCCESS IN ID: 359
SEND DATA COMMAND SUCCESS IN ID: 360
SEND DATA COMMAND SUCCESS IN ID: 361
SEND DATA COMMAND SUCCESS IN ID: 362
SEND DATA COMMAND SUCCESS IN ID: 363
SEND DATA COMMAND SUCCESS IN ID: 364
SEND DATA COMMAND SUCCESS IN ID: 365
SEND DATA COMMAND SUCCESS IN ID: 366
SEND DATA COMMAND SUCCESS IN ID: 367
SEND DATA COMMAND SUCCESS IN ID: 368
SEND DATA COMMAND SUCCESS IN ID: 369
SEND DATA COMMAND SUCCESS IN ID: 370
SEND DATA COMMAND SUCCESS IN ID: 371
SEND DATA COMMAND SUCCESS IN ID: 372
SEND DATA COMMAND SUCCESS IN ID: 373
SEND DATA COMMAND SUCCESS IN ID: 374
SEND DATA COMMAND SUCCESS IN ID: 375
SEND DATA COMMAND SUCCESS IN ID: 376
SEND DATA COMMAND SUCCESS IN ID: 377
SEND DATA COMMAND SUCCESS IN ID: 378
SEND DATA COMMAND SUCCESS IN ID: 379
SEND DATA COMMAND SUCCESS IN ID: 380
SEND DATA COMMAND SUCCESS IN ID: 381
SEND DATA COMMAND SUCCESS IN ID: 382
SEND DATA COMMAND SUCCESS IN ID: 383
SEND DATA COMMAND SUCCESS IN ID: 384
SEND DATA COMMAND SUCCESS IN ID: 385
SEND DATA COMMAND SUCCESS IN ID: 386
SEND DATA COMMAND SUCCESS IN ID: 387
SEND DATA COMMAND SUCCESS IN ID: 388
SEND DATA COMMAND SUCCESS IN ID: 389
SEND DATA COMMAND SUCCESS IN ID: 390
SEND DATA COMMAND SUCCESS IN ID: 391
SEND DATA COMMAND SUCCESS IN ID: 392
SEND DATA COMMAND SUCCESS IN ID: 393
SEND DATA COMMAND SUCCESS IN ID: 394
SEND DATA COMMAND SUCCESS IN ID: 395
SEND DATA COMMAND SUCCESS IN ID: 396
SEND DATA COMMAND SUCCESS IN ID: 397
SEND DATA COMMAND SUCCESS IN ID: 398
SEND DATA COMMAND SUCCESS IN ID: 399
SEND DATA COMMAND SUCCESS IN ID: 400
SEND DATA COMMAND SUCCESS IN ID: 401
SEND DATA COMMAND SUCCESS IN ID: 402
SEND DATA COMMAND SUCCESS IN ID: 403
SEND DATA COMMAND SUCCESS IN ID: 404
SEND DATA COMMAND SUCCESS IN ID: 405
SEND DATA COMMAND SUCCESS IN ID: 406
SEND DATA COMMAND SUCCESS IN ID: 407
SEND DATA COMMAND SUCCESS IN ID: 408
SEND DATA COMMAND SUCCESS IN ID: 409
SEND DATA COMMAND SUCCESS IN ID: 410
SEND DATA COMMAND SUCCESS IN ID: 411
SEND DATA COMMAND SUCCESS IN ID: 412
SEND END COMMAND SUCCESS
SEND MD5 COMMAND WITH RAM SUCCESS
CONNECT ROM AND DOWNLOAD RAM LOADER SUCCESS
